<?xml version="1.0" encoding="UTF-8"?>
<testng-results skipped="0" failed="0" total="1" passed="1">
  <reporter-output>
  </reporter-output>
  <suite name="Default suite" duration-ms="8752" started-at="2021-04-30T05:35:13Z" finished-at="2021-04-30T05:35:21Z">
    <groups>
    </groups>
    <test name="Default test" duration-ms="8752" started-at="2021-04-30T05:35:13Z" finished-at="2021-04-30T05:35:21Z">
      <class name="LiveProject.PostMethodWithBodyandresponseasjson">
        <test-method status="PASS" signature="Login()[pri:1, instance:LiveProject.PostMethodWithBodyandresponseasjson@83b407]" name="Login" duration-ms="8701" started-at="2021-04-30T11:05:13Z" finished-at="2021-04-30T11:05:21Z">
          <reporter-output>
          </reporter-output>
        </test-method> <!-- Login -->
      </class> <!-- LiveProject.PostMethodWithBodyandresponseasjson -->
    </test> <!-- Default test -->
  </suite> <!-- Default suite -->
</testng-results>
